<?xml version="1.0" encoding="UTF-8"?>
<!-- Generated by org.testng.reporters.JUnitReportReporter -->
<testsuite hostname="TestGroup" failures="0" tests="1" name="test.java.carritocompras.CC_Test" time="109.258" errors="0" timestamp="2023-05-22T11:03:00 CLT" skipped="0">
  <testcase classname="test.java.carritocompras.CC_Test" name="CC_QA_Automatizacion" time="109.258"/>
  <system-out/>
</testsuite> <!-- test.java.carritocompras.CC_Test -->
